couldn't import psycopg 'c' implementation: No module named 'psycopg_c'
couldn't import psycopg 'binary' implementation: No module named 'psycopg_binary'
couldn't import psycopg 'python' implementation: libpq library not found
couldn't import psycopg 'c' implementation: No module named 'psycopg_c'
couldn't import psycopg 'binary' implementation: No module named 'psycopg_binary'
couldn't import psycopg 'python' implementation: libpq library not found
couldn't import psycopg 'c' implementation: No module named 'psycopg_c'
couldn't import psycopg 'binary' implementation: No module named 'psycopg_binary'
couldn't import psycopg 'python' implementation: libpq library not found
couldn't import psycopg 'c' implementation: No module named 'psycopg_c'
couldn't import psycopg 'binary' implementation: No module named 'psycopg_binary'
couldn't import psycopg 'python' implementation: libpq library not found
Watching for file changes with StatReloader
Forbidden: /api/auth/login
C:\Users\elian\Desktop\projects\BankFinder\server\server\settings.py changed, reloading.
couldn't import psycopg 'c' implementation: No module named 'psycopg_c'
couldn't import psycopg 'binary' implementation: No module named 'psycopg_binary'
couldn't import psycopg 'python' implementation: libpq library not found
couldn't import psycopg 'c' implementation: No module named 'psycopg_c'
couldn't import psycopg 'binary' implementation: No module named 'psycopg_binary'
couldn't import psycopg 'python' implementation: libpq library not found
Watching for file changes with StatReloader
C:\Users\elian\Desktop\projects\BankFinder\server\BankFinder\views.py changed, reloading.
couldn't import psycopg 'c' implementation: No module named 'psycopg_c'
couldn't import psycopg 'binary' implementation: No module named 'psycopg_binary'
couldn't import psycopg 'python' implementation: libpq library not found
couldn't import psycopg 'c' implementation: No module named 'psycopg_c'
couldn't import psycopg 'binary' implementation: No module named 'psycopg_binary'
couldn't import psycopg 'python' implementation: libpq library not found
Watching for file changes with StatReloader
C:\Users\elian\Desktop\projects\BankFinder\server\BankFinder\views.py changed, reloading.
couldn't import psycopg 'c' implementation: No module named 'psycopg_c'
couldn't import psycopg 'binary' implementation: No module named 'psycopg_binary'
couldn't import psycopg 'python' implementation: libpq library not found
couldn't import psycopg 'c' implementation: No module named 'psycopg_c'
couldn't import psycopg 'binary' implementation: No module named 'psycopg_binary'
couldn't import psycopg 'python' implementation: libpq library not found
Watching for file changes with StatReloader
C:\Users\elian\Desktop\projects\BankFinder\server\BankFinder\views.py changed, reloading.
couldn't import psycopg 'c' implementation: No module named 'psycopg_c'
couldn't import psycopg 'binary' implementation: No module named 'psycopg_binary'
couldn't import psycopg 'python' implementation: libpq library not found
couldn't import psycopg 'c' implementation: No module named 'psycopg_c'
couldn't import psycopg 'binary' implementation: No module named 'psycopg_binary'
couldn't import psycopg 'python' implementation: libpq library not found
Watching for file changes with StatReloader
Forbidden: /api/auth/login
C:\Users\elian\Desktop\projects\BankFinder\server\BankFinder\views.py changed, reloading.
couldn't import psycopg 'c' implementation: No module named 'psycopg_c'
couldn't import psycopg 'binary' implementation: No module named 'psycopg_binary'
couldn't import psycopg 'python' implementation: libpq library not found
couldn't import psycopg 'c' implementation: No module named 'psycopg_c'
couldn't import psycopg 'binary' implementation: No module named 'psycopg_binary'
couldn't import psycopg 'python' implementation: libpq library not found
Watching for file changes with StatReloader
Forbidden: /api/auth/login
Forbidden: /api/auth/login
C:\Users\elian\Desktop\projects\BankFinder\server\BankFinder\views.py changed, reloading.
couldn't import psycopg 'c' implementation: No module named 'psycopg_c'
couldn't import psycopg 'binary' implementation: No module named 'psycopg_binary'
couldn't import psycopg 'python' implementation: libpq library not found
couldn't import psycopg 'c' implementation: No module named 'psycopg_c'
couldn't import psycopg 'binary' implementation: No module named 'psycopg_binary'
couldn't import psycopg 'python' implementation: libpq library not found
Watching for file changes with StatReloader
C:\Users\elian\Desktop\projects\BankFinder\server\BankFinder\views.py changed, reloading.
couldn't import psycopg 'c' implementation: No module named 'psycopg_c'
couldn't import psycopg 'binary' implementation: No module named 'psycopg_binary'
couldn't import psycopg 'python' implementation: libpq library not found
couldn't import psycopg 'c' implementation: No module named 'psycopg_c'
couldn't import psycopg 'binary' implementation: No module named 'psycopg_binary'
couldn't import psycopg 'python' implementation: libpq library not found
Watching for file changes with StatReloader
Forbidden: /api/auth/login
Forbidden: /api/auth/login
Forbidden: /api/auth/login
Forbidden: /api/auth/login
Forbidden: /api/auth/login
Forbidden: /api/auth/login
C:\Users\elian\Desktop\projects\BankFinder\server\server\settings.py changed, reloading.
